PC       = 4194336
EPC      = 0
Cause    = 0
BadVAddr = 0
Status   = 805371664

HI       = 0
LO       = 0

R0  [r0] = 0
R1  [at] = 268500992
R2  [v0] = 10
R3  [v1] = 0
R4  [a0] = 1
R5  [a1] = 2147480016
R6  [a2] = 2147480024
R7  [a3] = 0
R8  [t0] = 0
R9  [t1] = 268501036
R10 [t2] = 10
R11 [t3] = 10
R12 [t4] = 0
R13 [t5] = 999
R14 [t6] = 0
R15 [t7] = 0
R16 [s0] = 1446
R17 [s1] = 1
R18 [s2] = 867
R19 [s3] = 0
R20 [s4] = 0
R21 [s5] = 0
R22 [s6] = 0
R23 [s7] = 0
R24 [t8] = 0
R25 [t9] = 0
R26 [k0] = 0
R27 [k1] = 0
R28 [gp] = 268468224
R29 [sp] = 2147480012
R30 [s8] = 0
R31 [ra] = 4194328


User data segment [10000000]..[10040000]
[10000000]..[1000ffff]  00000000
[10010000]    0000000010  0000000003  0000000011  0000000157    . . . . . . . . . . . . . . . . 
[10010010]    0000000099  0000000081  0000000013  0000000017    c . . . Q . . . . . . . . . . . 
[10010020]    0000000055  0000000011  0000000999  0000000000    7 . . . . . . . . . . . . . . . 
[10010030]..[1003ffff]  00000000


User Stack [7ffff1cc]..[80000000]
[7ffff1cc]    0000000001                                        . . . . 
[7ffff1d0]    2147480249  0000000000  2147483635  2147483616    . . . . . . . . . . . . . . . . 
[7ffff1e0]    2147483599  2147483591  2147483553  2147483536    . . . . . . . . . . . . . . . . 
[7ffff1f0]    2147483495  2147483480  2147483468  2147483445    g . . . X . . . L . . . 5 . . . 
[7ffff200]    2147483417  2147483337  2147483313  2147483277    . . . . . . . . . . . . . . . . 
[7ffff210]    2147483244  2147483204  2147483189  2147483109    l . . . D . . . 5 . . . . . . . 
[7ffff220]    2147483088  2147483063  2147482891  2147482838    . . . . . . . . . . . . . . . . 
[7ffff230]    2147482794  2147482769  2147482733  2147482718    . . . . . . . . m . . . ^ . . . 
[7ffff240]    2147482620  2147482590  2147482567  2147482545    . . . . . . . . . . . . . . . . 
[7ffff250]    2147482530  2147482461  2147482426  2147482346    . . . . ] . . . : . . . . . . . 
[7ffff260]    2147482329  2147482300  2147482282  2147481003    . . . . . . . . . . . . . . . . 
[7ffff270]    2147480993  2147480973  2147480959  2147480914    . . . . . . . . . . . . R . . . 
[7ffff280]    2147480901  2147480564  2147480548  2147480537    E . . . . . . . . . . . . . . . 
[7ffff290]    2147480509  2147480495  2147480475  2147480443    . . . . . . . . . . . . { . . . 
[7ffff2a0]    2147480392  2147480356  2147480340  2147480292    H . . . $ . . . . . . . . . . . 
[7ffff2b0]    0000000000  0000000000  1869098752  1664050541    . . . . . . . . . / h o m e / c 
[7ffff2c0]    1936941420  1798256945  1851881317  0792277351    l a s s 1 9 / k e w a n g 1 9 / 
[7ffff2d0]    0909210467  1634479921  1932473954  1852793701    c s 1 6 1 / l a b 6 / s e c o n 
[7ffff2e0]    0007548516  1297043015  1162567493  1313428057    d . s . G N O M E _ K E Y R I N 
[7ffff2f0]    1330863943  1413827395  1836330813  1701523312    G _ S O C K E T = / t m p / k e 
[7ffff300]    1852404345  1882467687  1397514842  1668248367    y r i n g - 4 p Z b L S / s o c 
[7ffff310]    0007628139  1212367181  1162893652  0909670461    k e t . M A C H T Y P E = x 8 6 
[7ffff320]    0003421791  1599031623  1314210124  1145391171    _ 6 4 . G I O _ L A U N C H E D 
[7ffff330]    1397048415  1347376203  1279870559  1230004037    _ D E S K T O P _ F I L E _ P I 
[7ffff340]    0959528260  0003748658  1598575443  1347113793    D = 1 9 2 3 9 . S S H _ A S K P 
[7ffff350]    1028870977  1920169263  1651076143  1667594341    A S S = / u s r / l i b e x e c 
[7ffff360]    1701867311  1752396654  1869506351  1932354925    / o p e n s s h / g n o m e - s 
[7ffff370]    1630365811  1634757491  1358984051  1129204052    s h - a s k p a s s . Q T I N C 
[7ffff380]    1937059645  1768697714  0791950946  0858616945    = / u s r / l i b 6 4 / q t - 3 
[7ffff390]    1764700974  1970037614  1476420964  1229213517    . 3 / i n c l u d e . X M O D I 
[7ffff3a0]    1380272454  1765817683  1869495661  1426089326    F I E R S = @ i m = n o n e . U 
[7ffff3b0]    1028801875  1635214699  0959539054  1297041408    S E R = k e w a n g 1 9 . H O M 
[7ffff3c0]    1747926341  0795176303  1935764579  0792277363    E = / h o m e / c l a s s 1 9 / 
[7ffff3d0]    1635214699  0959539054  1380275200  1954037069    k e w a n g 1 9 . T E R M = x t 
[7ffff3e0]    0007172709  1279608915  1647263052  1949265513    e r m . S H E L L = / b i n / t 
[7ffff3f0]    0006845283  1213481296  1937059645  1768697714    c s h . P A T H = / u s r / l i 
[7ffff400]    0791950946  0858616945  1647260462  0792358505    b 6 4 / q t - 3 . 3 / b i n : / 
[7ffff410]    1852400243  1768042298  1966029422  1647276659    s b i n : / b i n : / u s r / b 
[7ffff420]    0792358505  0796029813  1633906540  1768042348    i n : / u s r / l o c a l / b i 
[7ffff430]    1966029422  1815048819  1818321775  1768059695    n : / u s r / l o c a l / s b i 
[7ffff440]    1966029422  1932489331  0980314466  1836017711    n : / u s r / s b i n : / h o m 
[7ffff450]    1818439525  0829649761  1701523257  1735287159    e / c l a s s 1 9 / k e w a n g 
[7ffff460]    1647262001  0792358505  1701670760  1635021615    1 9 / b i n : / h o m e / s t a 
[7ffff470]    1781491302  1734439525  1882157669  1768710773    f f / j e r a g e r / p u b l i 
[7ffff480]    1935880035  0791818545  0980314466  1836017711    c / c s 1 1 2 / b i n : / h o m 
[7ffff490]    1953705829  0795240033  1634887018  0796026215    e / s t a f f / j e r a g e r / 
[7ffff4a0]    1818391920  1664050025  0842084723  1852400175    p u b l i c / c s 1 1 2 / b i n 
[7ffff4b0]    1869098810  1932485997  1717985652  1919248943    : / h o m e / s t a f f / j e r 
[7ffff4c0]    1919248225  1651863599  0795044204  0909210467    a g e r / p u b l i c / c s 1 6 
[7ffff4d0]    1768042289  1747925614  0795176303  1717662835    1 / b i n : / h o m e / s t a f 
[7ffff4e0]    1701457766  1701273970  1970286450  1667853410    f / j e r a g e r / p u b l i c 
[7ffff4f0]    0829645615  1647260209  0792358505  1701670760    / c s 1 1 2 / b i n : / h o m e 
[7ffff500]    1635021615  1781491302  1734439525  1882157669    / s t a f f / j e r a g e r / p 
[7ffff510]    1768710773  1935880035  0791818545  0980314466    u b l i c / c s 1 1 2 / b i n : 
[7ffff520]    1836017711  1953705829  0795240033  1634887018    / h o m e / s t a f f / j e r a 
[7ffff530]    0796026215  1818391920  1664050025  0825635187    g e r / p u b l i c / c s 1 6 1 
[7ffff540]    1852400175  1162103552  1397901636  1937059645    / b i n . K D E D I R S = / u s 
[7ffff550]    1397948530  1430347592  1398753364  1028342607    r . S S H _ A U T H _ S O C K = 
[7ffff560]    1886221359  2036689711  1735289202  1517302829    / t m p / k e y r i n g - 4 p Z 
[7ffff570]    0793988194  1801678707  1932424293  1207986291    b L S / s o c k e t . s s h . H 
[7ffff580]    1398035273  1027955273  0808464433  1213420288    I S T S I Z E = 1 0 0 0 . S S H 
[7ffff590]    1162297695  1348424782  0826098761  0892942392    _ A G E N T _ P I D = 1 8 8 9 5 
[7ffff5a0]    1145656576  0825701437  1275083061  1329815379    . U I D = 4 7 1 5 9 . L S _ C O 
[7ffff5b0]    1397903180  1030976061  1768176176  0993079357    L O R S = r s = 0 : d i = 0 1 ; 
[7ffff5c0]    1815753779  0825245038  0976630587  0809330797    3 4 : l n = 0 1 ; 3 6 : m h = 0 
[7ffff5d0]    1768962608  0993014845  1933194035  0825245039    0 : p i = 4 0 ; 3 3 : s o = 0 1 
[7ffff5e0]    0976565051  0809332580  0892549937  1029988922    ; 3 5 : d o = 0 1 ; 3 5 : b d = 
[7ffff5f0]    0859516980  0825244467  1029989178  0859516980    4 0 ; 3 3 ; 0 1 : c d = 4 0 ; 3 
[7ffff600]    0825244467  1030909754  0859516980  0825244465    3 ; 0 1 : o r = 4 0 ; 3 1 ; 0 1 
[7ffff610]    1030319418  0809185584  0926104373  0976303163    : m i = 0 1 ; 0 5 ; 3 7 ; 4 1 : 
[7ffff620]    0859665779  0825506615  1030189882  0876294195    s u = 3 7 ; 4 1 : s g = 3 0 ; 4 
[7ffff630]    1633892915  0993014589  1949970740  0808664439    3 : c a = 3 0 ; 4 1 : t w = 3 0 
[7ffff640]    0976368699  0859666287  0842283828  1031041850    ; 4 2 : o w = 3 4 ; 4 2 : s t = 
[7ffff650]    0876295987  2019899956  0993079357  0708457011    3 7 ; 4 4 : e x = 0 1 ; 3 2 : * 
[7ffff660]    1918989358  0993079357  0708456755  2053600302    . t a r = 0 1 ; 3 1 : * . t g z 
[7ffff670]    0993079357  0708456755  1785880878  0993079357    = 0 1 ; 3 1 : * . a r j = 0 1 ; 
[7ffff680]    0708456755  2053207086  0993079357  0708456755    3 1 : * . t a z = 0 1 ; 3 1 : * 
[7ffff690]    1752853550  0993079357  0708456755  1836739630    . l z h = 0 1 ; 3 1 : * . l z m 
[7ffff6a0]    0825245025  0976302907  1819553322  0825245050    a = 0 1 ; 3 1 : * . t l z = 0 1 
[7ffff6b0]    0976302907  2020879914  0825245050  0976302907    ; 3 1 : * . t x z = 0 1 ; 3 1 : 
[7ffff6c0]    1769614890  0825245040  0976302907  1031417386    * . z i p = 0 1 ; 3 1 : * . z = 
[7ffff6d0]    0859517232  0774519345  0825245018  0976302907    0 1 ; 3 1 : * . Z = 0 1 ; 3 1 : 
[7ffff6e0]    2053385770  0993079357  0708456755  1031431982    * . d z = 0 1 ; 3 1 : * . g z = 
[7ffff6f0]    0859517232  0774519345  0809335404  0825441073    0 1 ; 3 1 : * . l z = 0 1 ; 3 1 
[7ffff700]    2016291386  0825245050  0976302907  2053254698    : * . x z = 0 1 ; 3 1 : * . b z 
[7ffff710]    0825244978  0976302907  1651781162  0825245050    2 = 0 1 ; 3 1 : * . t b z = 0 1 
[7ffff720]    0976302907  1651781162  0809316986  0825441073    ; 3 1 : * . t b z 2 = 0 1 ; 3 1 
[7ffff730]    1647192634  0825245050  0976302907  2054434346    : * . b z = 0 1 ; 3 1 : * . t z 
[7ffff740]    0993079357  0708456755  1650811950  0993079357    = 0 1 ; 3 1 : * . d e b = 0 1 ; 
[7ffff750]    0708456755  1836085806  0993079357  0708456755    3 1 : * . r p m = 0 1 ; 3 1 : * 
[7ffff760]    1918986798  0993079357  0708456755  1918988846    . j a r = 0 1 ; 3 1 : * . r a r 
[7ffff770]    0993079357  0708456755  1701011758  0993079357    = 0 1 ; 3 1 : * . a c e = 0 1 ; 
[7ffff780]    0708456755  1869576750  0993079357  0708456755    3 1 : * . z o o = 0 1 ; 3 1 : * 
[7ffff790]    1768973102  0825245039  0976302907  2050436650    . c p i o = 0 1 ; 3 1 : * . 7 z 
[7ffff7a0]    0993079357  0708456755  1031434798  0859517232    = 0 1 ; 3 1 : * . r z = 0 1 ; 3 
[7ffff7b0]    0774519345  1030189162  0859517232  0774519349    1 : * . j p g = 0 1 ; 3 5 : * . 
[7ffff7c0]    1734701162  0993079357  0708457779  1718183726    j p e g = 0 1 ; 3 5 : * . g i f 
[7ffff7d0]    0993079357  0708457779  1886216750  0993079357    = 0 1 ; 3 5 : * . b m p = 0 1 ; 
[7ffff7e0]    0708457779  1835167790  0993079357  0708457779    3 5 : * . p b m = 0 1 ; 3 5 : * 
[7ffff7f0]    1835495470  0993079357  0708457779  1836085294    . p g m = 0 1 ; 3 5 : * . p p m 
[7ffff800]    0993079357  0708457779  1634169902  0993079357    = 0 1 ; 3 5 : * . t g a = 0 1 ; 
[7ffff810]    0708457779  1835169838  0993079357  0708457779    3 5 : * . x b m = 0 1 ; 3 5 : * 
[7ffff820]    1836087342  0993079357  0708457779  1718187054    . x p m = 0 1 ; 3 5 : * . t i f 
[7ffff830]    0993079357  0708457779  1718187054  0825245030    = 0 1 ; 3 5 : * . t i f f = 0 1 
[7ffff840]    0976565051  1852845610  0825245031  0976565051    ; 3 5 : * . p n g = 0 1 ; 3 5 : 
[7ffff850]    1987259946  0825245031  0976565051  1987259946    * . s v g = 0 1 ; 3 5 : * . s v 
[7ffff860]    0809335399  0892549937  1831742010  0809330542    g z = 0 1 ; 3 5 : * . m n g = 0 
[7ffff870]    0892549937  1882073658  0809334883  0892549937    1 ; 3 5 : * . p c x = 0 1 ; 3 5 
[7ffff880]    1831742010  0809334383  0892549937  1831742010    : * . m o v = 0 1 ; 3 5 : * . m 
[7ffff890]    0809330544  0892549937  1831742010  1030186352    p g = 0 1 ; 3 5 : * . m p e g = 
[7ffff8a0]    0859517232  0774519349  1031156333  0859517232    0 1 ; 3 5 : * . m 2 v = 0 1 ; 3 
[7ffff8b0]    0774519349  1031170925  0859517232  0774519349    5 : * . m k v = 0 1 ; 3 5 : * . 
[7ffff8c0]    1030580079  0859517232  0774519349  1026846829    o g m = 0 1 ; 3 5 : * . m p 4 = 
[7ffff8d0]    0859517232  0774519349  1031156845  0859517232    0 1 ; 3 5 : * . m 4 v = 0 1 ; 3 
[7ffff8e0]    0774519349  1983148141  0993079357  0708457779    5 : * . m p 4 v = 0 1 ; 3 5 : * 
[7ffff8f0]    1651471918  0993079357  0708457779  1031041326    . v o b = 0 1 ; 3 5 : * . q t = 
[7ffff900]    0859517232  0774519349  1031173486  0859517232    0 1 ; 3 5 : * . n u v = 0 1 ; 3 
[7ffff910]    0774519349  1031171447  0859517232  0774519349    5 : * . w m v = 0 1 ; 3 5 : * . 
[7ffff920]    1030124385  0859517232  0774519349  0809332082    a s f = 0 1 ; 3 5 : * . r m = 0 
[7ffff930]    0892549937  1915628090  1029863021  0859517232    1 ; 3 5 : * . r m v b = 0 1 ; 3 
[7ffff940]    0774519349  1029925990  0859517232  0774519349    5 : * . f l c = 0 1 ; 3 5 : * . 
[7ffff950]    1030321761  0859517232  0774519349  1030319206    a v i = 0 1 ; 3 5 : * . f l i = 
[7ffff960]    0859517232  0774519349  1031171174  0859517232    0 1 ; 3 5 : * . f l v = 0 1 ; 3 
[7ffff970]    0774519349  0809331815  0892549937  1680747066    5 : * . g l = 0 1 ; 3 5 : * . d 
[7ffff980]    0825245036  0976565051  1668820522  0825245030    l = 0 1 ; 3 5 : * . x c f = 0 1 
[7ffff990]    0976565051  2004364842  0825245028  0976565051    ; 3 5 : * . x w d = 0 1 ; 3 5 : 
[7ffff9a0]    1970875946  0825245046  0976565051  1734553130    * . y u v = 0 1 ; 3 5 : * . c g 
[7ffff9b0]    0825245037  0976565051  1835347498  0825245030    m = 0 1 ; 3 5 : * . e m f = 0 1 
[7ffff9c0]    0976565051  2019634730  0825245046  0976565051    ; 3 5 : * . a x v = 0 1 ; 3 5 : 
[7ffff9d0]    1851862570  0825245048  0976565051  1735339562    * . a n x = 0 1 ; 3 5 : * . o g 
[7ffff9e0]    0825245046  0976565051  1735339562  0825245048    v = 0 1 ; 3 5 : * . o g x = 0 1 
[7ffff9f0]    0976565051  1633758762  0825245027  0976630587    ; 3 5 : * . a a c = 0 1 ; 3 6 : 
[7ffffa00]    1969303082  0993079357  0708458035  1634493998    * . a u = 0 1 ; 3 6 : * . f l a 
[7ffffa10]    0825245027  0976630587  1768762922  0825245028    c = 0 1 ; 3 6 : * . m i d = 0 1 
[7ffffa20]    0976630587  1768762922  0809331044  0909327153    ; 3 6 : * . m i d i = 0 1 ; 3 6 
[7ffffa30]    1831742010  0809329003  0909327153  1831742010    : * . m k a = 0 1 ; 3 6 : * . m 
[7ffffa40]    0809317232  0909327153  1831742010  0809329520    p 3 = 0 1 ; 3 6 : * . m p c = 0 
[7ffffa50]    0909327153  1865296442  0809330535  0909327153    1 ; 3 6 : * . o g g = 0 1 ; 3 6 
[7ffffa60]    1915628090  0825245025  0976630587  1635200554    : * . r a = 0 1 ; 3 6 : * . w a 
[7ffffa70]    0825245046  0976630587  2019634730  0825245025    v = 0 1 ; 3 6 : * . a x a = 0 1 
[7ffffa80]    0976630587  1735339562  0825245025  0976630587    ; 3 6 : * . o g a = 0 1 ; 3 6 : 
[7ffffa90]    1886596650  0825245048  0976630587  1937255978    * . s p x = 0 1 ; 3 6 : * . x s 
[7ffffaa0]    0809330288  0909327153  1230438458  1464812622    p f = 0 1 ; 3 6 : . W I N D O W 
[7ffffab0]    0876430409  0859060529  0003355696  1414745928    I D = 4 1 9 4 3 0 4 3 . H O S T 
[7ffffac0]    1162690894  1836020285  1937075317  1751998766    N A M E = r o m u l u s . a m h 
[7ffffad0]    1953722981  1969513774  1599361280  1298091337    e r s t . e d u . Q T _ I M _ M 
[7ffffae0]    1280656463  1769487685  1146617965  1163091783    O D U L E = x i m . X D G _ S E 
[7ffffaf0]    1330205523  1329815374  1162431311  0859256637    S S I O N _ C O O K I E = 7 7 3 
[7ffffb00]    0811678005  1664377911  0842346804  0811742265    5 9 a 0 7 d 4 c 4 1 5 2 9 4 b 0 
[7ffffb10]    0875979572  0808464433  0858796080  0875638070    4 c 6 4 1 0 0 0 0 0 0 3 6 - 1 4 
[7ffffb20]    0909391415  0909195576  0825571374  0758133049    7 6 4 6 8 9 1 6 . 8 5 1 9 1 0 - 
[7ffffb30]    0942946616  0809054521  1162608690  1347375955    8 9 4 8 9 1 9 0 2 . L E S S O P 
[7ffffb40]    2084392517  1937059708  1768042354  1701588846    E N = | | / u s r / b i n / l e 
[7ffffb50]    1768977267  1932420464  1931812968  1263814400    s s p i p e . s h   % s . G T K 
[7ffffb60]    1598247519  1162627398  1697594707  1731158900    _ R C _ F I L E S = / e t c / g 
[7ffffb70]    1731160948  1668442996  1869098810  1664050541    t k / g t k r c : / h o m e / c 
[7ffffb80]    1936941420  1798256945  1851881317  0792277351    l a s s 1 9 / k e w a n g 1 9 / 
[7ffffb90]    1802790702  0825058162  1731015214  1701670766    . g t k r c - 1 . 2 - g n o m e 
[7ffffba0]    1381498930  1398755396  1230197573  0826101327    2 . X R D P _ S E S S I O N = 1 
[7ffffbb0]    1397704704  1348031572  0947404101  0875978550    . H O S T T Y P E = x 8 6 _ 6 4 
[7ffffbc0]    1852402733  1207990389  1129599817  1381256783    - l i n u x . H I S T C O N T R 
[7ffffbd0]    1765624911  1919905383  1886741605  1095565427    O L = i g n o r e d u p s . M A 
[7ffffbe0]    0792546377  0796025206  1869574259  1634545516    I L = / v a r / s p o o l / m a 
[7ffffbf0]    1798270057  1851881317  0003748199  1398096452    i l / k e w a n g 1 9 . D B U S 
[7ffffc00]    1397052255  1313818963  1398096479  1145323871    _ S E S S I O N _ B U S _ A D D 
[7ffffc10]    1397966162  1768846653  1650539128  1634890867    R E S S = u n i x : a b s t r a 
[7ffffc20]    0792556643  0795897204  1937072740  1230588461    c t = / t m p / d b u s - J Y I 
[7ffffc30]    1852195701  0741554251  1684632935  0811807805    u C f n K 8 3 , g u i d = 4 c 0 
[7ffffc40]    0859386213  0842086245  1714894946  1631139888    e 1 9 3 e 7 1 2 b 8 7 f 0 8 9 a 
[7ffffc50]    0926497121  0892350512  1647783984  1380384868    a 9 9 7 0 0 0 5 0 0 7 b d . G R 
[7ffffc60]    1028674895  1635214699  0959539054  1112690432    O U P = k e w a n g 1 9 . O R B 
[7ffffc70]    1398756425  1162560335  1380533332  1836330813    I T _ S O C K E T D I R = / t m 
[7ffffc80]    1919889264  0762603874  1635214699  0959539054    p / o r b i t - k e w a n g 1 9 
[7ffffc90]    1280262912  1163153999  1732070738  1701670766    . C O L O R T E R M = g n o m e 
[7ffffca0]    1919251501  1634625901  1313276012  1598377295    - t e r m i n a l . G N O M E _ 
[7ffffcb0]    1263748420  1599098708  1397966163  1598967625    D E S K T O P _ S E S S I O N _ 
[7ffffcc0]    1950172233  0762538344  1680700265  1701998693    I D = t h i s - i s - d e p r e 
[7ffffcd0]    1702125923  1095565412  1296386132  1128879169    c a t e d . M A T H E M A T I C 
[7ffffce0]    1330143041  0792544589  0796029813  1633906540    A _ H O M E = / u s r / l o c a 
[7ffffcf0]    1867984748  1634887276  1632448365  1835362420    l / W o l f r a m / M a t h e m 
[7ffffd00]    1667855457  0808529761  1124086574  1397965132    a t i c a / 1 0 . 3 . C L A S S 
[7ffffd10]    1213481296  0792342077  1701670760  1635021615    P A T H = . : / h o m e / s t a 
[7ffffd20]    1781491302  1734439525  1882157669  1768710773    f f / j e r a g e r / p u b l i 
[7ffffd30]    1935880035  0791818545  1935764579  0980641139    c / c s 1 1 2 / c l a s s e s : 
[7ffffd40]    1836017711  1953705829  0795240033  1634887018    / h o m e / s t a f f / j e r a 
[7ffffd50]    0796026215  1818391920  1664050025  0842084723    g e r / p u b l i c / c s 1 1 2 
[7ffffd60]    1634493231  1936028531  1853188655  0875394153    / c l a s s e s / j u n i t - 4 
[7ffffd70]    0775041326  0980574570  1836017711  1953705829    . 1 2 . j a r : / h o m e / s t 
[7ffffd80]    0795240033  1634887018  0796026215  1818391920    a f f / j e r a g e r / p u b l 
[7ffffd90]    1664050025  0842084723  1634493231  1936028531    i c / c s 1 1 2 / c l a s s e s 
[7ffffda0]    1835100207  1936028259  1868770676  0825058674    / h a m c r e s t - c o r e - 1 
[7ffffdb0]    1781412654  1207988833  1028936527  1970106226    . 3 . j a r . H O S T = r o m u 
[7ffffdc0]    0779318636  1701342561  0779383666  0007693413    l u s . a m h e r s t . e d u . 
[7ffffdd0]    1380081479  1313164111  1279870559  1296125509    G _ B R O K E N _ F I L E N A M 
[7ffffde0]    0826102597  1397052160  1313818963  1312902495    E S = 1 . S E S S I O N _ M A N 
[7ffffdf0]    1380271937  1668246589  1966042209  0980969838    A G E R = l o c a l / u n i x : 
[7ffffe00]    1836330816  1227763568  1965901123  0796420462    @ / t m p / . I C E - u n i x / 
[7ffffe10]    0959985713  1853172788  1966045289  0980969838    1 8 8 9 4 , u n i x / u n i x : 
[7ffffe20]    1886221359  1128869423  1853173061  0825194601    / t m p / . I C E - u n i x / 1 
[7ffffe30]    0876165176  1397310464  1497451600  0942750269    8 8 9 4 . D I S P L A Y = : 1 8 
[7ffffe40]    0003157557  1397511504  1129537349  1414547794    5 . 0 . P U L S E _ S C R I P T 
[7ffffe50]    1952788285  1920479075  1882157156  1702063221    = / e t c / x r d p / p u l s e 
[7ffffe60]    1717920815  1953264993  0006385710  1163087177    / d e f a u l t . p a . I M S E 
[7ffffe70]    1313428564  1230984007  1195725902  1163149650    T T I N G S _ I N T E G R A T E 
[7ffffe80]    1397048415  1347376203  1936030013  1263814400    _ D E S K T O P = y e s . G T K 
[7ffffe90]    1598900575  1430540109  1732068684  1764584308    _ I M _ M O D U L E = g t k - i 
[7ffffea0]    1868770669  2019914862  1769155956  1701605485    m - c o n t e x t - s i m p l e 
[7ffffeb0]    1146376448  0792547913  0796029813  0912419180    . Q T D I R = / u s r / l i b 6 
[7ffffec0]    1953574708  0858665773  1330202368  1430342751    4 / q t - 3 . 3 . G I O _ L A U 
[7ffffed0]    1162363726  1162108740  1330924371  1229348688    N C H E D _ D E S K T O P _ F I 
[7ffffee0]    0792544588  1701670760  1634493231  0959542131    L E = / h o m e / c l a s s 1 9 
[7ffffef0]    2003135279  0828862049  1698967353  1869900659    / k e w a n g 1 9 / D e s k t o 
[7fffff00]    1852256112  0761621871  1836213620  1818324585    p / g n o m e - t e r m i n a l 
[7fffff10]    1936024622  1886352491  1280594176  0792543817    . d e s k t o p . Q T L I B = / 
[7fffff20]    0796029813  0912419180  1953574708  0858665773    u s r / l i b 6 4 / q t - 3 . 3 
[7fffff30]    1651076143  1397573888  1230263365  1599293262    / l i b . I M S E T T I N G S _ 
[7fffff40]    1430540109  1849509196  0006647407  1599297091    M O D U L E = n o n e . C V S _ 
[7fffff50]    1028150098  0006845299  1145980246  1966953039    R S H = s s h . V E N D O R = u 
[7fffff60]    1869507438  1258319479  1127563858  1296125507    n k n o w n . K R B 5 C C N A M 
[7fffff70]    1229339973  0792347980  0795897204  0895644267    E = F I L E : / t m p / k r b 5 
[7fffff80]    0878666595  0959787319  0846358623  0005779571    c c _ 4 7 1 5 9 _ h r 2 s 0 X . 
[7fffff90]    1313296204  1027951937  1635214699  0959539054    L O G N A M E = k e w a n g 1 9 
[7fffffa0]    1146572800  1869098813  1664050541  1936941420    . P W D = / h o m e / c l a s s 
[7fffffb0]    1798256945  1851881317  0792277351  0909210467    1 9 / k e w a n g 1 9 / c s 1 6 
[7fffffc0]    1634479921  1392522850  1280724040  1275081277    1 / l a b 6 . S H L V L = 2 . L 
[7fffffd0]    1028083265  1432317541  1414868563  0003681606    A N G = e n _ U S . U T F - 8 . 
[7fffffe0]    1598374987  1348424521  1229735250  1145391950    K D E _ I S _ P R E L I N K E D 
[7ffffff0]    1325412669  1348031571  1768701253  0007894382    = 1 . O S T Y P E = l i n u x . 


Kernel data segment [90000000]..[90010000]
[90000000]    2017796128  1953523043  0544108393  1668227072        E x c e p t i o n   .   o c 
[90000010]    1920103779  1629512805  1763730542  1919905383    c u r r e d   a n d   i g n o r 
[90000020]    0000681061  1230708768  1919251566  1953527154    e d . .     [ I n t e r r u p t 
[90000030]    0536879197  1280596768  0536894786  1280596768    ]   .     [ T L B ] .     [ T L 
[90000040]    0536894786  1280596768  0536894786  1682004768    B ] .     [ T L B ] .     [ A d 
[90000050]    1936028260  1919230067  0544370546  1763733097    d r e s s   e r r o r   i n   i 
[90000060]    0796160878  1635017060  1952802336  0542992483    n s t / d a t a   f e t c h ]   
[90000070]    1528832000  1919181889  0544437093  1869771365    .     [ A d d r e s s   e r r o 
[90000080]    1852383346  1869902624  0542991730  1528832000    r   i n   s t o r e ]   .     [ 
[90000090]    0543449410  1953721961  1952675186  0544108393    B a d   i n s t r u c t i o n   
[900000a0]    1919181921  1567847269  0538968096  1684095579    a d d r e s s ]   .     [ B a d 
[900000b0]    1952539680  1684086881  1936028260  0002121075      d a t a   a d d r e s s ]   . 
[900000c0]    1163599904  1919906418  0544106784  1668512115        [ E r r o r   i n   s y s c 
[900000d0]    1567386721  0538968096  1701986907  1869638497    a l l ]   .     [ B r e a k p o 
[900000e0]    1567911529  0538968096  1936020059  1702261349    i n t ]   .     [ R e s e r v e 
[900000f0]    1852383332  1970435187  1869182051  0002121070    d   i n s t r u c t i o n ]   . 
[90000100]    1528832000  1953067585  1952804200  1864393577    .     [ A r i t h m e t i c   o 
[90000110]    1718773110  1568108396  0538968096  1634882651    v e r f l o w ]   .     [ T r a 
[90000120]    0002121072  1528832000  1634692166  1735289204    p ]   . .     [ F l o a t i n g 
[90000130]    1768910880  0542995566  0536870912  1866685216      p o i n t ]   . . .     [ C o 
[90000140]    1668248176  0006107680  0536870912  1145920288    p r o c   2 ] . . . .     [ M D 
[90000150]    0006117453  1465589792  1751348321  0538968157    M X ] .     [ W a t c h ] .     
[90000160]    1667321179  1701734760  1701339936  0006122339    [ M a c h i n e   c h e c k ] . 
[90000170]    0000000000  1528832000  1751343427  0000023909    . . . . .     [ C a c h e ] . . 
[90000180]    1879048156  1879048141  1879048133  1879048125    $ . . . 3 . . . ; . . . C . . . 
[90000190]    1879048117  1879048079  1879048051  1879048022    K . . . q . . . . . . . . . . . 
[900001a0]    1879048000  1879047978  1879047962  1879047936    . . . . . . . . . . . . . . . . 
[900001b0]    1879047935  1879047910  1879047900  1879047899    . . . . . . . . $ . . . % . . . 
[900001c0]    1879047879  1879047878  1879047877  1879047864    9 . . . : . . . ; . . . H . . . 
[900001d0]    1879047863  1879047862  1879047861  1879047852    I . . . J . . . K . . . T . . . 
[900001e0]    1879047842  1879047824  1879047823  1879047822    ^ . . . p . . . q . . . r . . . 
[900001f0]    1879047821  1879047820  1879047819  1879047809    s . . . t . . . u . . . . . . . 
[90000200]..[9000ffff]  00000000


