PC       = 4194336
EPC      = 0
Cause    = 0
BadVAddr = 0
Status   = 805371664

HI       = 0
LO       = 0

R0  [r0] = 0
R1  [at] = 268500992
R2  [v0] = 10
R3  [v1] = 0
R4  [a0] = 1048576
R5  [a1] = 2147480016
R6  [a2] = 2147480024
R7  [a3] = 0
R8  [t0] = 4194564
R9  [t1] = 135266313
R10 [t2] = 0
R11 [t3] = 0
R12 [t4] = 1048576
R13 [t5] = 0
R14 [t6] = 0
R15 [t7] = 0
R16 [s0] = 0
R17 [s1] = 0
R18 [s2] = 0
R19 [s3] = 0
R20 [s4] = 0
R21 [s5] = 0
R22 [s6] = 0
R23 [s7] = 4194544
R24 [t8] = 0
R25 [t9] = 0
R26 [k0] = 0
R27 [k1] = 0
R28 [gp] = 268468224
R29 [sp] = 2147480008
R30 [s8] = 0
R31 [ra] = 4194328


User data segment [10000000]..[10040000]
[10000000]..[1000ffff]  00000000
[10010000]    0540701522  0980701696  1833500704  0002112109    R s :   . R t :   . I m m :   . 
[10010010]    1868787791  0975201636  0979653120  1750269984    O p c o d e   : . R d :   . S h 
[10010020]    0980708705  1967521824  0980706158  1681981472    a m t :   . F u n c t :   . A d 
[10010030]    0540701284  0000002560  0000000000  0000000000    d r :   . . . . . . . . . . . . 
[10010040]..[1003ffff]  00000000


User Stack [7ffff1c8]..[80000000]
[7ffff1c8]    0004194328  0000000001                            . . @ . . . . . 
[7ffff1d0]    2147480252  0000000000  2147483635  2147483616    . . . . . . . . . . . . . . . . 
[7ffff1e0]    2147483599  2147483591  2147483553  2147483536    . . . . . . . . . . . . . . . . 
[7ffff1f0]    2147483495  2147483480  2147483468  2147483445    g . . . X . . . L . . . 5 . . . 
[7ffff200]    2147483417  2147483337  2147483313  2147483277    . . . . . . . . . . . . . . . . 
[7ffff210]    2147483244  2147483204  2147483189  2147483109    l . . . D . . . 5 . . . . . . . 
[7ffff220]    2147483088  2147483063  2147482891  2147482838    . . . . . . . . . . . . . . . . 
[7ffff230]    2147482794  2147482769  2147482733  2147482718    . . . . . . . . m . . . ^ . . . 
[7ffff240]    2147482620  2147482590  2147482567  2147482545    . . . . . . . . . . . . . . . . 
[7ffff250]    2147482530  2147482461  2147482426  2147482347    . . . . ] . . . : . . . . . . . 
[7ffff260]    2147482330  2147482301  2147482283  2147481004    . . . . . . . . . . . . . . . . 
[7ffff270]    2147480994  2147480974  2147480960  2147480915    . . . . . . . . . . . . S . . . 
[7ffff280]    2147480902  2147480565  2147480549  2147480538    F . . . . . . . . . . . . . . . 
[7ffff290]    2147480510  2147480496  2147480476  2147480444    . . . . . . . . . . . . | . . . 
[7ffff2a0]    2147480393  2147480357  2147480341  2147480293    I . . . % . . . . . . . . . . . 
[7ffff2b0]    0000000000  0000000000  0000000000  1836017711    . . . . . . . . . . . . / h o m 
[7ffff2c0]    1818439525  0829649761  1701523257  1735287159    e / c l a s s 1 9 / k e w a n g 
[7ffff2d0]    1664039217  0825635187  1650551855  1634479927    1 9 / c s 1 6 1 / l a b 7 / l a 
[7ffff2e0]    1932408674  1330530048  1264534861  1230133573    b 7 . s . G N O M E _ K E Y R I 
[7ffff2f0]    1398753102  1162560335  1949252948  1798271085    N G _ S O C K E T = / t m p / k 
[7ffff300]    1769109861  1882023790  1180192307  1869819696    e y r i n g - p 3 N X F 0 / s o 
[7ffff310]    1952803683  1128353024  1348031560  0947404101    c k e t . M A C H T Y P E = x 8 
[7ffff320]    0875978550  1330202368  1430342751  1162363726    6 _ 6 4 . G I O _ L A U N C H E 
[7ffff330]    1162108740  1330924371  1229348688  1348420940    D _ D E S K T O P _ F I L E _ P 
[7ffff340]    0859653193  0808465712  1213420288  1263747423    I D = 3 0 5 0 0 . S S H _ A S K 
[7ffff350]    1397965136  1937059645  1768697714  1702389090    P A S S = / u s r / l i b e x e 
[7ffff360]    1886334819  1936944741  1852256104  0761621871    c / o p e n s s h / g n o m e - 
[7ffff370]    0761820019  1886090081  0007566177  1313428561    s s h - a s k p a s s . Q T I N 
[7ffff380]    1966030147  1815048819  0875979369  0762605871    C = / u s r / l i b 6 4 / q t - 
[7ffff390]    0791883315  1818455657  0006644853  1146047832    3 . 3 / i n c l u d e . X M O D 
[7ffff3a0]    1162430025  1077760850  1849519465  0006647407    I F I E R S = @ i m = n o n e . 
[7ffff3b0]    1380275029  2003135293  0828862049  1330118713    U S E R = k e w a n g 1 9 . H O 
[7ffff3c0]    0792544589  1701670760  1634493231  0959542131    M E = / h o m e / c l a s s 1 9 
[7ffff3d0]    2003135279  0828862049  1163132985  2017283410    / k e w a n g 1 9 . T E R M = x 
[7ffff3e0]    1836213620  1162367744  0792546380  0795765090    t e r m . S H E L L = / b i n / 
[7ffff3f0]    1752392564  1413566464  1966030152  1815048819    t c s h . P A T H = / u s r / l 
[7ffff400]    0875979369  0762605871  0791883315  0980314466    i b 6 4 / q t - 3 . 3 / b i n : 
[7ffff410]    1768059695  1647262318  0792358505  0796029813    / s b i n : / b i n : / u s r / 
[7ffff420]    0980314466  1920169263  1668246575  1647275105    b i n : / u s r / l o c a l / b 
[7ffff430]    0792358505  0796029813  1633906540  1651715948    i n : / u s r / l o c a l / s b 
[7ffff440]    0792358505  0796029813  1852400243  1869098810    i n : / u s r / s b i n : / h o 
[7ffff450]    1664050541  1936941420  1798256945  1851881317    m e / c l a s s 1 9 / k e w a n 
[7ffff460]    0792277351  0980314466  1836017711  1953705829    g 1 9 / b i n : / h o m e / s t 
[7ffff470]    0795240033  1634887018  0796026215  1818391920    a f f / j e r a g e r / p u b l 
[7ffff480]    1664050025  0842084723  1852400175  1869098810    i c / c s 1 1 2 / b i n : / h o 
[7ffff490]    1932485997  1717985652  1919248943  1919248225    m e / s t a f f / j e r a g e r 
[7ffff4a0]    1651863599  0795044204  0825324387  1768042290    / p u b l i c / c s 1 1 2 / b i 
[7ffff4b0]    1747925614  0795176303  1717662835  1701457766    n : / h o m e / s t a f f / j e 
[7ffff4c0]    1701273970  1970286450  1667853410  0829645615    r a g e r / p u b l i c / c s 1 
[7ffff4d0]    1647259958  0792358505  1701670760  1635021615    6 1 / b i n : / h o m e / s t a 
[7ffff4e0]    1781491302  1734439525  1882157669  1768710773    f f / j e r a g e r / p u b l i 
[7ffff4f0]    1935880035  0791818545  0980314466  1836017711    c / c s 1 1 2 / b i n : / h o m 
[7ffff500]    1953705829  0795240033  1634887018  0796026215    e / s t a f f / j e r a g e r / 
[7ffff510]    1818391920  1664050025  0842084723  1852400175    p u b l i c / c s 1 1 2 / b i n 
[7ffff520]    1869098810  1932485997  1717985652  1919248943    : / h o m e / s t a f f / j e r 
[7ffff530]    1919248225  1651863599  0795044204  0909210467    a g e r / p u b l i c / c s 1 6 
[7ffff540]    1768042289  1145765998  1380533317  1966030163    1 / b i n . K D E D I R S = / u 
[7ffff550]    1392538227  1096763475  1598575701  1262702419    s r . S S H _ A U T H _ S O C K 
[7ffff560]    1836330813  1701523312  1852404345  0862989671    = / t m p / k e y r i n g - p 3 
[7ffff570]    0809916494  1668248367  0779380075  0006845299    N X F 0 / s o c k e t . s s h . 
[7ffff580]    1414744392  1163544915  0808464701  1397948464    H I S T S I Z E = 1 0 0 0 . S S 
[7ffff590]    1195466568  1599360581  1027885392  0875902261    H _ A G E N T _ P I D = 5 5 5 4 
[7ffff5a0]    1230307379  0926170436  0003749169  1130320716    3 . U I D = 4 7 1 5 9 . L S _ C 
[7ffff5b0]    1380928591  1936866643  1681535037  0825245033    O L O R S = r s = 0 : d i = 0 1 
[7ffff5c0]    0976499515  0809332332  0909327153  1030253882    ; 3 4 : l n = 0 1 ; 3 6 : m h = 
[7ffff5d0]    1882861616  0808729961  0976433979  0809332595    0 0 : p i = 4 0 ; 3 3 : s o = 0 
[7ffff5e0]    0892549937  1030710330  0859517232  1684159029    1 ; 3 5 : d o = 0 1 ; 3 5 : b d 
[7ffff5f0]    0993014845  0809186099  1684224561  0993014845    = 4 0 ; 3 3 ; 0 1 : c d = 4 0 ; 
[7ffff600]    0809186099  1919892017  0993014845  0809185587    3 3 ; 0 1 : o r = 4 0 ; 3 1 ; 0 
[7ffff610]    1768766001  0993079357  0859518256  0825506615    1 : m i = 0 1 ; 0 5 ; 3 7 ; 4 1 
[7ffff620]    1031107386  0876295987  1735604785  0993014589    : s u = 3 7 ; 4 1 : s g = 3 0 ; 
[7ffff630]    1664758580  0808664417  0976303163  0859666292    4 3 : c a = 3 0 ; 4 1 : t w = 3 
[7ffff640]    0842283824  1031237434  0876295219  1953708594    0 ; 4 2 : o w = 3 4 ; 4 2 : s t 
[7ffff650]    0993473341  1698313268  0825245048  0976368443    = 3 7 ; 4 4 : e x = 0 1 ; 3 2 : 
[7ffff660]    1635003946  0825245042  0976302907  1735667242    * . t a r = 0 1 ; 3 1 : * . t g 
[7ffff670]    0825245050  0976302907  1918971434  0825245034    z = 0 1 ; 3 1 : * . a r j = 0 1 
[7ffff680]    0976302907  1635003946  0825245050  0976302907    ; 3 1 : * . t a z = 0 1 ; 3 1 : 
[7ffff690]    2053910058  0825245032  0976302907  2053910058    * . l z h = 0 1 ; 3 1 : * . l z 
[7ffff6a0]    0809329005  0825441073  1949182522  0809335404    m a = 0 1 ; 3 1 : * . t l z = 0 
[7ffff6b0]    0825441073  1949182522  0809335416  0825441073    1 ; 3 1 : * . t x z = 0 1 ; 3 1 
[7ffff6c0]    2049845818  0809332841  0825441073  2049845818    : * . z i p = 0 1 ; 3 1 : * . z 
[7ffff6d0]    0993079357  0708456755  0809327150  0825441073    = 0 1 ; 3 1 : * . Z = 0 1 ; 3 1 
[7ffff6e0]    1680747066  0825245050  0976302907  2053582378    : * . d z = 0 1 ; 3 1 : * . g z 
[7ffff6f0]    0993079357  0708456755  1031433262  0859517232    = 0 1 ; 3 1 : * . l z = 0 1 ; 3 
[7ffff700]    0774519345  0809335416  0825441073  1647192634    1 : * . x z = 0 1 ; 3 1 : * . b 
[7ffff710]    0809316986  0825441073  1949182522  0809335394    z 2 = 0 1 ; 3 1 : * . t b z = 0 
[7ffff720]    0825441073  1949182522  1026718306  0859517232    1 ; 3 1 : * . t b z 2 = 0 1 ; 3 
[7ffff730]    0774519345  0809335394  0825441073  1949182522    1 : * . b z = 0 1 ; 3 1 : * . t 
[7ffff740]    0825245050  0976302907  1701064234  0825245026    z = 0 1 ; 3 1 : * . d e b = 0 1 
[7ffff750]    0976302907  1886531114  0825245037  0976302907    ; 3 1 : * . r p m = 0 1 ; 3 1 : 
[7ffff760]    1634348586  0825245042  0976302907  1634872874    * . j a r = 0 1 ; 3 1 : * . r a 
[7ffff770]    0825245042  0976302907  1667313194  0825245029    r = 0 1 ; 3 1 : * . a c e = 0 1 
[7ffff780]    0976302907  1870278186  0825245039  0976302907    ; 3 1 : * . z o o = 0 1 ; 3 1 : 
[7ffff790]    1885548074  0809332585  0825441073  0925772346    * . c p i o = 0 1 ; 3 1 : * . 7 
[7ffff7a0]    0825245050  0976302907  2054303274  0993079357    z = 0 1 ; 3 1 : * . r z = 0 1 ; 
[7ffff7b0]    0708456755  1735420462  0993079357  0708457779    3 1 : * . j p g = 0 1 ; 3 5 : * 
[7ffff7c0]    1701866030  0825245031  0976565051  1768369706    . j p e g = 0 1 ; 3 5 : * . g i 
[7ffff7d0]    0825245030  0976565051  1835150890  0825245040    f = 0 1 ; 3 5 : * . b m p = 0 1 
[7ffff7e0]    0976565051  1651519018  0825245037  0976565051    ; 3 5 : * . p b m = 0 1 ; 3 5 : 
[7ffff7f0]    1735405098  0825245037  0976565051  1886400042    * . p g m = 0 1 ; 3 5 : * . p p 
[7ffff800]    0825245037  0976565051  1735667242  0825245025    m = 0 1 ; 3 5 : * . t g a = 0 1 
[7ffff810]    0976565051  1652043306  0825245037  0976565051    ; 3 5 : * . x b m = 0 1 ; 3 5 : 
[7ffff820]    1886924330  0825245037  0976565051  1769221674    * . x p m = 0 1 ; 3 5 : * . t i 
[7ffff830]    0825245030  0976565051  1769221674  0809330278    f = 0 1 ; 3 5 : * . t i f f = 0 
[7ffff840]    0892549937  1882073658  0809330542  0892549937    1 ; 3 5 : * . p n g = 0 1 ; 3 5 
[7ffff850]    1932405306  0809330550  0892549937  1932405306    : * . s v g = 0 1 ; 3 5 : * . s 
[7ffff860]    1031432054  0859517232  0774519349  1030188653    v g z = 0 1 ; 3 5 : * . m n g = 
[7ffff870]    0859517232  0774519349  1031299952  0859517232    0 1 ; 3 5 : * . p c x = 0 1 ; 3 
[7ffff880]    0774519349  1031171949  0859517232  0774519349    5 : * . m o v = 0 1 ; 3 5 : * . 
[7ffff890]    1030189165  0859517232  0774519349  1734701165    m p g = 0 1 ; 3 5 : * . m p e g 
[7ffff8a0]    0993079357  0708457779  1983016238  0993079357    = 0 1 ; 3 5 : * . m 2 v = 0 1 ; 
[7ffff8b0]    0708457779  1986751790  0993079357  0708457779    3 5 : * . m k v = 0 1 ; 3 5 : * 
[7ffff8c0]    1835495214  0993079357  0708457779  0879783214    . o g m = 0 1 ; 3 5 : * . m p 4 
[7ffff8d0]    0993079357  0708457779  1983147310  0993079357    = 0 1 ; 3 5 : * . m 4 v = 0 1 ; 
[7ffff8e0]    0708457779  0879783214  0825245046  0976565051    3 5 : * . m p 4 v = 0 1 ; 3 5 : 
[7ffff8f0]    1870016042  0825245026  0976565051  1953574442    * . v o b = 0 1 ; 3 5 : * . q t 
[7ffff900]    0993079357  0708457779  1987407406  0993079357    = 0 1 ; 3 5 : * . n u v = 0 1 ; 
[7ffff910]    0708457779  1986885422  0993079357  0708457779    3 5 : * . w m v = 0 1 ; 3 5 : * 
[7ffff920]    1718837550  0993079357  0708457779  1030582830    . a s f = 0 1 ; 3 5 : * . r m = 
[7ffff930]    0859517232  0774519349  1651928434  0993079357    0 1 ; 3 5 : * . r m v b = 0 1 ; 
[7ffff940]    0708457779  1668048430  0993079357  0708457779    3 5 : * . f l c = 0 1 ; 3 5 : * 
[7ffff950]    1769365806  0993079357  0708457779  1768711726    . a v i = 0 1 ; 3 5 : * . f l i 
[7ffff960]    0993079357  0708457779  1986815534  0993079357    = 0 1 ; 3 5 : * . f l v = 0 1 ; 
[7ffff970]    0708457779  1030514478  0859517232  0774519349    3 5 : * . g l = 0 1 ; 3 5 : * . 
[7ffff980]    0809331812  0892549937  2016291386  0809330275    d l = 0 1 ; 3 5 : * . x c f = 0 
[7ffff990]    0892549937  2016291386  0809329783  0892549937    1 ; 3 5 : * . x w d = 0 1 ; 3 5 
[7ffff9a0]    2033068602  0809334389  0892549937  1663969850    : * . y u v = 0 1 ; 3 5 : * . c 
[7ffff9b0]    0809332071  0892549937  1697524282  0809330285    g m = 0 1 ; 3 5 : * . e m f = 0 
[7ffff9c0]    0892549937  1630415418  0809334392  0892549937    1 ; 3 5 : * . a x v = 0 1 ; 3 5 
[7ffff9d0]    1630415418  0809334894  0892549937  1865296442    : * . a n x = 0 1 ; 3 5 : * . o 
[7ffff9e0]    0809334375  0892549937  1865296442  0809334887    g v = 0 1 ; 3 5 : * . o g x = 0 
[7ffff9f0]    0892549937  1630415418  0809329505  0909327153    1 ; 3 5 : * . a a c = 0 1 ; 3 6 
[7ffffa00]    1630415418  0825245045  0976630587  1818635818    : * . a u = 0 1 ; 3 6 : * . f l 
[7ffffa10]    0809329505  0909327153  1831742010  0809329769    a c = 0 1 ; 3 6 : * . m i d = 0 
[7ffffa20]    0909327153  1831742010  1030317161  0859517232    1 ; 3 6 : * . m i d i = 0 1 ; 3 
[7ffffa30]    0774519350  1029794669  0859517232  0774519350    6 : * . m k a = 0 1 ; 3 6 : * . 
[7ffffa40]    1026781293  0859517232  0774519350  1029927021    m p 3 = 0 1 ; 3 6 : * . m p c = 
[7ffffa50]    0859517232  0774519350  1030186863  0859517232    0 1 ; 3 6 : * . o g g = 0 1 ; 3 
[7ffffa60]    0774519350  0809329010  0909327153  1999514170    6 : * . r a = 0 1 ; 3 6 : * . w 
[7ffffa70]    0809334369  0909327153  1630415418  0809329016    a v = 0 1 ; 3 6 : * . a x a = 0 
[7ffffa80]    0909327153  1865296442  0809328999  0909327153    1 ; 3 6 : * . o g a = 0 1 ; 3 6 
[7ffffa90]    1932405306  0809334896  0909327153  2016291386    : * . s p x = 0 1 ; 3 6 : * . x 
[7ffffaa0]    1030123635  0859517232  1459632694  1329876553    s p f = 0 1 ; 3 6 : . W I N D O 
[7ffffab0]    1027885399  0909326642  0825438512  1397704704    W I D = 2 9 3 6 0 1 3 1 . H O S 
[7ffffac0]    1296125524  1869757765  1970042221  1835085427    T N A M E = r o m u l u s . a m 
[7ffffad0]    1936876904  1684352628  1414594677  1598900575    h e r s t . e d u . Q T _ I M _ 
[7ffffae0]    1430540109  2017281356  1476423017  1398753092    M O D U L E = x i m . X D G _ S 
[7ffffaf0]    1230197573  1130319439  1229672271  0926367045    E S S I O N _ C O O K I E = 7 7 
[7ffffb00]    1631139123  0878982960  0892417123  1647589682    3 5 9 a 0 7 d 4 c 4 1 5 2 9 4 b 
[7ffffb10]    0912471088  0808464692  0808464432  0825046579    0 4 c 6 4 1 0 0 0 0 0 0 3 6 - 1 
[7ffffb20]    0842544948  0825833783  0875703856  0758330674    4 7 8 2 7 9 9 1 0 . 2 4 2 5 3 - 
[7ffffb30]    0909523250  0808464434  1162608697  1347375955    2 9 6 6 2 0 0 0 9 . L E S S O P 
[7ffffb40]    2084392517  1937059708  1768042354  1701588846    E N = | | / u s r / b i n / l e 
[7ffffb50]    1768977267  1932420464  1931812968  1263814400    s s p i p e . s h   % s . G T K 
[7ffffb60]    1598247519  1162627398  1697594707  1731158900    _ R C _ F I L E S = / e t c / g 
[7ffffb70]    1731160948  1668442996  1869098810  1664050541    t k / g t k r c : / h o m e / c 
[7ffffb80]    1936941420  1798256945  1851881317  0792277351    l a s s 1 9 / k e w a n g 1 9 / 
[7ffffb90]    1802790702  0825058162  1731015214  1701670766    . g t k r c - 1 . 2 - g n o m e 
[7ffffba0]    1381498930  1398755396  1230197573  0826101327    2 . X R D P _ S E S S I O N = 1 
[7ffffbb0]    1397704704  1348031572  0947404101  0875978550    . H O S T T Y P E = x 8 6 _ 6 4 
[7ffffbc0]    1852402733  1207990389  1129599817  1381256783    - l i n u x . H I S T C O N T R 
[7ffffbd0]    1765624911  1919905383  1886741605  1095565427    O L = i g n o r e d u p s . M A 
[7ffffbe0]    0792546377  0796025206  1869574259  1634545516    I L = / v a r / s p o o l / m a 
[7ffffbf0]    1798270057  1851881317  0003748199  1398096452    i l / k e w a n g 1 9 . D B U S 
[7ffffc00]    1397052255  1313818963  1398096479  1145323871    _ S E S S I O N _ B U S _ A D D 
[7ffffc10]    1397966162  1768846653  1650539128  1634890867    R E S S = u n i x : a b s t r a 
[7ffffc20]    0792556643  0795897204  1937072740  1113011501    c t = / t m p / d b u s - 5 W B 
[7ffffc30]    0877549369  0744969801  1684632935  0892875837    9 W N 4 I V g , g u i d = 4 8 5 
[7ffffc40]    0959604068  1650812210  0895640113  0811873075    d e 2 9 2 e e b 1 b b 5 3 3 d 0 
[7ffffc50]    0808466534  0909127732  1698259298  1380384866    f 8 0 0 4 0 0 6 b a 9 e b . G R 
[7ffffc60]    1028674895  1635214699  0959539054  1112690432    O U P = k e w a n g 1 9 . O R B 
[7ffffc70]    1398756425  1162560335  1380533332  1836330813    I T _ S O C K E T D I R = / t m 
[7ffffc80]    1919889264  0762603874  1635214699  0959539054    p / o r b i t - k e w a n g 1 9 
[7ffffc90]    1280262912  1163153999  1732070738  1701670766    . C O L O R T E R M = g n o m e 
[7ffffca0]    1919251501  1634625901  1313276012  1598377295    - t e r m i n a l . G N O M E _ 
[7ffffcb0]    1263748420  1599098708  1397966163  1598967625    D E S K T O P _ S E S S I O N _ 
[7ffffcc0]    1950172233  0762538344  1680700265  1701998693    I D = t h i s - i s - d e p r e 
[7ffffcd0]    1702125923  1095565412  1296386132  1128879169    c a t e d . M A T H E M A T I C 
[7ffffce0]    1330143041  0792544589  0796029813  1633906540    A _ H O M E = / u s r / l o c a 
[7ffffcf0]    1867984748  1634887276  1632448365  1835362420    l / W o l f r a m / M a t h e m 
[7ffffd00]    1667855457  0808529761  1124086574  1397965132    a t i c a / 1 0 . 3 . C L A S S 
[7ffffd10]    1213481296  0792342077  1701670760  1635021615    P A T H = . : / h o m e / s t a 
[7ffffd20]    1781491302  1734439525  1882157669  1768710773    f f / j e r a g e r / p u b l i 
[7ffffd30]    1935880035  0791818545  1935764579  0980641139    c / c s 1 1 2 / c l a s s e s : 
[7ffffd40]    1836017711  1953705829  0795240033  1634887018    / h o m e / s t a f f / j e r a 
[7ffffd50]    0796026215  1818391920  1664050025  0842084723    g e r / p u b l i c / c s 1 1 2 
[7ffffd60]    1634493231  1936028531  1853188655  0875394153    / c l a s s e s / j u n i t - 4 
[7ffffd70]    0775041326  0980574570  1836017711  1953705829    . 1 2 . j a r : / h o m e / s t 
[7ffffd80]    0795240033  1634887018  0796026215  1818391920    a f f / j e r a g e r / p u b l 
[7ffffd90]    1664050025  0842084723  1634493231  1936028531    i c / c s 1 1 2 / c l a s s e s 
[7ffffda0]    1835100207  1936028259  1868770676  0825058674    / h a m c r e s t - c o r e - 1 
[7ffffdb0]    1781412654  1207988833  1028936527  1970106226    . 3 . j a r . H O S T = r o m u 
[7ffffdc0]    0779318636  1701342561  0779383666  0007693413    l u s . a m h e r s t . e d u . 
[7ffffdd0]    1380081479  1313164111  1279870559  1296125509    G _ B R O K E N _ F I L E N A M 
[7ffffde0]    0826102597  1397052160  1313818963  1312902495    E S = 1 . S E S S I O N _ M A N 
[7ffffdf0]    1380271937  1668246589  1966042209  0980969838    A G E R = l o c a l / u n i x : 
[7ffffe00]    1836330816  1227763568  1965901123  0796420462    @ / t m p / . I C E - u n i x / 
[7ffffe10]    0875902261  1853172786  1966045289  0980969838    5 5 5 4 2 , u n i x / u n i x : 
[7ffffe20]    1886221359  1128869423  1853173061  0892303465    / t m p / . I C E - u n i x / 5 
[7ffffe30]    0842282293  1397310464  1497451600  0875706941    5 5 4 2 . D I S P L A Y = : 2 4 
[7ffffe40]    0003157552  1397511504  1129537349  1414547794    0 . 0 . P U L S E _ S C R I P T 
[7ffffe50]    1952788285  1920479075  1882157156  1702063221    = / e t c / x r d p / p u l s e 
[7ffffe60]    1717920815  1953264993  0006385710  1163087177    / d e f a u l t . p a . I M S E 
[7ffffe70]    1313428564  1230984007  1195725902  1163149650    T T I N G S _ I N T E G R A T E 
[7ffffe80]    1397048415  1347376203  1936030013  1263814400    _ D E S K T O P = y e s . G T K 
[7ffffe90]    1598900575  1430540109  1732068684  1764584308    _ I M _ M O D U L E = g t k - i 
[7ffffea0]    1868770669  2019914862  1769155956  1701605485    m - c o n t e x t - s i m p l e 
[7ffffeb0]    1146376448  0792547913  0796029813  0912419180    . Q T D I R = / u s r / l i b 6 
[7ffffec0]    1953574708  0858665773  1330202368  1430342751    4 / q t - 3 . 3 . G I O _ L A U 
[7ffffed0]    1162363726  1162108740  1330924371  1229348688    N C H E D _ D E S K T O P _ F I 
[7ffffee0]    0792544588  1701670760  1634493231  0959542131    L E = / h o m e / c l a s s 1 9 
[7ffffef0]    2003135279  0828862049  1698967353  1869900659    / k e w a n g 1 9 / D e s k t o 
[7fffff00]    1852256112  0761621871  1836213620  1818324585    p / g n o m e - t e r m i n a l 
[7fffff10]    1936024622  1886352491  1280594176  0792543817    . d e s k t o p . Q T L I B = / 
[7fffff20]    0796029813  0912419180  1953574708  0858665773    u s r / l i b 6 4 / q t - 3 . 3 
[7fffff30]    1651076143  1397573888  1230263365  1599293262    / l i b . I M S E T T I N G S _ 
[7fffff40]    1430540109  1849509196  0006647407  1599297091    M O D U L E = n o n e . C V S _ 
[7fffff50]    1028150098  0006845299  1145980246  1966953039    R S H = s s h . V E N D O R = u 
[7fffff60]    1869507438  1258319479  1127563858  1296125507    n k n o w n . K R B 5 C C N A M 
[7fffff70]    1229339973  0792347980  0795897204  0895644267    E = F I L E : / t m p / k r b 5 
[7fffff80]    0878666595  0959787319  1665692767  0005597519    c c _ 4 7 1 5 9 _ t H c O i U . 
[7fffff90]    1313296204  1027951937  1635214699  0959539054    L O G N A M E = k e w a n g 1 9 
[7fffffa0]    1146572800  1869098813  1664050541  1936941420    . P W D = / h o m e / c l a s s 
[7fffffb0]    1798256945  1851881317  0792277351  0909210467    1 9 / k e w a n g 1 9 / c s 1 6 
[7fffffc0]    1634479921  1392523106  1280724040  1275081277    1 / l a b 7 . S H L V L = 2 . L 
[7fffffd0]    1028083265  1432317541  1414868563  0003681606    A N G = e n _ U S . U T F - 8 . 
[7fffffe0]    1598374987  1348424521  1229735250  1145391950    K D E _ I S _ P R E L I N K E D 
[7ffffff0]    1325412669  1348031571  1768701253  0007894382    = 1 . O S T Y P E = l i n u x . 


Kernel data segment [90000000]..[90010000]
[90000000]    2017796128  1953523043  0544108393  1668227072        E x c e p t i o n   .   o c 
[90000010]    1920103779  1629512805  1763730542  1919905383    c u r r e d   a n d   i g n o r 
[90000020]    0000681061  1230708768  1919251566  1953527154    e d . .     [ I n t e r r u p t 
[90000030]    0536879197  1280596768  0536894786  1280596768    ]   .     [ T L B ] .     [ T L 
[90000040]    0536894786  1280596768  0536894786  1682004768    B ] .     [ T L B ] .     [ A d 
[90000050]    1936028260  1919230067  0544370546  1763733097    d r e s s   e r r o r   i n   i 
[90000060]    0796160878  1635017060  1952802336  0542992483    n s t / d a t a   f e t c h ]   
[90000070]    1528832000  1919181889  0544437093  1869771365    .     [ A d d r e s s   e r r o 
[90000080]    1852383346  1869902624  0542991730  1528832000    r   i n   s t o r e ]   .     [ 
[90000090]    0543449410  1953721961  1952675186  0544108393    B a d   i n s t r u c t i o n   
[900000a0]    1919181921  1567847269  0538968096  1684095579    a d d r e s s ]   .     [ B a d 
[900000b0]    1952539680  1684086881  1936028260  0002121075      d a t a   a d d r e s s ]   . 
[900000c0]    1163599904  1919906418  0544106784  1668512115        [ E r r o r   i n   s y s c 
[900000d0]    1567386721  0538968096  1701986907  1869638497    a l l ]   .     [ B r e a k p o 
[900000e0]    1567911529  0538968096  1936020059  1702261349    i n t ]   .     [ R e s e r v e 
[900000f0]    1852383332  1970435187  1869182051  0002121070    d   i n s t r u c t i o n ]   . 
[90000100]    1528832000  1953067585  1952804200  1864393577    .     [ A r i t h m e t i c   o 
[90000110]    1718773110  1568108396  0538968096  1634882651    v e r f l o w ]   .     [ T r a 
[90000120]    0002121072  1528832000  1634692166  1735289204    p ]   . .     [ F l o a t i n g 
[90000130]    1768910880  0542995566  0536870912  1866685216      p o i n t ]   . . .     [ C o 
[90000140]    1668248176  0006107680  0536870912  1145920288    p r o c   2 ] . . . .     [ M D 
[90000150]    0006117453  1465589792  1751348321  0538968157    M X ] .     [ W a t c h ] .     
[90000160]    1667321179  1701734760  1701339936  0006122339    [ M a c h i n e   c h e c k ] . 
[90000170]    0000000000  1528832000  1751343427  0000023909    . . . . .     [ C a c h e ] . . 
[90000180]    1879048156  1879048141  1879048133  1879048125    $ . . . 3 . . . ; . . . C . . . 
[90000190]    1879048117  1879048079  1879048051  1879048022    K . . . q . . . . . . . . . . . 
[900001a0]    1879048000  1879047978  1879047962  1879047936    . . . . . . . . . . . . . . . . 
[900001b0]    1879047935  1879047910  1879047900  1879047899    . . . . . . . . $ . . . % . . . 
[900001c0]    1879047879  1879047878  1879047877  1879047864    9 . . . : . . . ; . . . H . . . 
[900001d0]    1879047863  1879047862  1879047861  1879047852    I . . . J . . . K . . . T . . . 
[900001e0]    1879047842  1879047824  1879047823  1879047822    ^ . . . p . . . q . . . r . . . 
[900001f0]    1879047821  1879047820  1879047819  1879047809    s . . . t . . . u . . . . . . . 
[90000200]..[9000ffff]  00000000


Opcode :0
Rs: 0
Rt: 18
Rd: 17
Shamt: 24
Funct: 2
Opcode :2
Addr: 1048576
